[25.12.2022 18:14:35 ] [INFO] [main] [start: 5] => Start
[25.12.2022 18:14:36 ] [INFO] [menu] [menu: 18] => Entered number 1
[25.12.2022 18:14:37 ] [INFO] [operations] [op: 5] => Entered number 1
[25.12.2022 18:14:38 ] [INFO] [rational_operations] [start: 14] => Entered number 1
[25.12.2022 18:14:41 ] [INFO] [rational_operations] [start: 19] => Entered number 10.0 and 5.0
[25.12.2022 18:14:42 ] [INFO] [menu] [menu: 18] => Entered number 1
[25.12.2022 18:14:44 ] [INFO] [operations] [op: 5] => Entered number 1
[25.12.2022 18:14:45 ] [INFO] [rational_operations] [start: 14] => Entered number 2
[25.12.2022 18:14:47 ] [INFO] [rational_operations] [start: 19] => Entered number 10.0 and 5.0
[25.12.2022 18:14:48 ] [INFO] [menu] [menu: 18] => Entered number 1
[25.12.2022 18:14:50 ] [INFO] [operations] [op: 5] => Entered number 1
[25.12.2022 18:14:51 ] [INFO] [rational_operations] [start: 14] => Entered number 3
[25.12.2022 18:14:53 ] [INFO] [rational_operations] [start: 19] => Entered number 10.0 and 5.0
[25.12.2022 18:14:55 ] [INFO] [menu] [menu: 18] => Entered number 1
[25.12.2022 18:14:56 ] [INFO] [operations] [op: 5] => Entered number 1
[25.12.2022 18:14:57 ] [INFO] [rational_operations] [start: 14] => Entered number 4
[25.12.2022 18:15:01 ] [INFO] [main] [start: 5] => Start
[25.12.2022 18:15:02 ] [INFO] [menu] [menu: 18] => Entered number 1
[25.12.2022 18:15:04 ] [INFO] [operations] [op: 5] => Entered number 1
[25.12.2022 18:15:04 ] [INFO] [rational_operations] [start: 14] => Entered number 4
[25.12.2022 18:15:06 ] [INFO] [rational_operations] [start: 19] => Entered number 10.0 and 0.0
[25.12.2022 18:15:09 ] [INFO] [menu] [menu: 18] => Entered number 1
[25.12.2022 18:15:09 ] [INFO] [operations] [op: 5] => Entered number 1
[25.12.2022 18:15:11 ] [INFO] [rational_operations] [start: 14] => Entered number 4
[25.12.2022 18:15:15 ] [INFO] [main] [start: 5] => Start
[25.12.2022 18:15:19 ] [INFO] [menu] [menu: 18] => Entered number 1
[25.12.2022 18:15:19 ] [INFO] [operations] [op: 5] => Entered number 2
[25.12.2022 18:15:20 ] [INFO] [complex_operations] [start: 14] => Entered number 1
[25.12.2022 18:15:24 ] [INFO] [complex_operations] [start: 21] => Entered number (1+0j) and (1+2j)
[25.12.2022 18:15:28 ] [INFO] [menu] [menu: 38] => Entered number 0
[25.12.2022 18:15:30 ] [INFO] [menu] [menu: 29] => Entered number 2
[25.12.2022 18:15:32 ] [INFO] [menu] [menu: 33] => Entered number 3
